<?xml version="1.0" encoding="UTF-8"?>
<testng-results skipped="0" failed="0" ignored="0" total="1" passed="1">
  <reporter-output>
  </reporter-output>
  <suite name="BG_Automation" duration-ms="20285" started-at="2019-05-08T13:27:27Z" finished-at="2019-05-08T13:27:47Z">
    <groups>
    </groups>
    <test name="VSSA_StageSmokeTest" duration-ms="20285" started-at="2019-05-08T13:27:27Z" finished-at="2019-05-08T13:27:47Z">
      <class name="com.bg.test.BGO_SmokeTest">
        <test-method status="PASS" signature="beforeSuite()[pri:0, instance:com.bg.test.BGO_SmokeTest@1324409e]" name="beforeSuite" is-config="true" duration-ms="4148" started-at="2019-05-08T13:27:23Z" finished-at="2019-05-08T13:27:27Z">
          <reporter-output>
          </reporter-output>
        </test-method> <!-- beforeSuite -->
        <test-method status="PASS" signature="beforeTest()[pri:0, instance:com.bg.test.BGO_SmokeTest@1324409e]" name="beforeTest" is-config="true" duration-ms="21" started-at="2019-05-08T13:27:27Z" finished-at="2019-05-08T13:27:27Z">
          <reporter-output>
          </reporter-output>
        </test-method> <!-- beforeTest -->
        <test-method status="PASS" signature="reportSettings()[pri:0, instance:com.bg.test.BGO_SmokeTest@1324409e]" name="reportSettings" is-config="true" duration-ms="108" started-at="2019-05-08T13:27:27Z" finished-at="2019-05-08T13:27:27Z">
          <reporter-output>
          </reporter-output>
        </test-method> <!-- reportSettings -->
        <test-method status="PASS" signature="Launch_BGO()[pri:0, instance:com.bg.test.BGO_SmokeTest@1324409e]" name="Launch_BGO" duration-ms="20123" started-at="2019-05-08T13:27:27Z" finished-at="2019-05-08T13:27:47Z">
          <reporter-output>
          </reporter-output>
        </test-method> <!-- Launch_BGO -->
        <test-method status="PASS" signature="reportTearDown(org.testng.ITestResult)[pri:0, instance:com.bg.test.BGO_SmokeTest@1324409e]" name="reportTearDown" is-config="true" duration-ms="5" started-at="2019-05-08T13:27:47Z" finished-at="2019-05-08T13:27:47Z">
          <params>
            <param index="0">
              <value>
                <![CDATA[[TestResult name=Launch_BGO status=SUCCESS method=BGO_SmokeTest.Launch_BGO()[pri:0, instance:com.bg.test.BGO_SmokeTest@1324409e] output={null}]]]>
              </value>
            </param>
          </params>
          <reporter-output>
          </reporter-output>
        </test-method> <!-- reportTearDown -->
        <test-method status="PASS" signature="afterClass()[pri:0, instance:com.bg.test.BGO_SmokeTest@1324409e]" name="afterClass" is-config="true" duration-ms="9" started-at="2019-05-08T13:27:47Z" finished-at="2019-05-08T13:27:47Z">
          <reporter-output>
          </reporter-output>
        </test-method> <!-- afterClass -->
      </class> <!-- com.bg.test.BGO_SmokeTest -->
    </test> <!-- VSSA_StageSmokeTest -->
  </suite> <!-- BG_Automation -->
</testng-results>
